{
  "stats": {
    "suites": 6,
    "tests": 10,
    "passes": 10,
    "pending": 0,
    "failures": 0,
    "start": "2022-12-19T22:01:26.841Z",
    "end": "2022-12-19T22:01:49.260Z",
    "duration": 22419,
    "testsRegistered": 10,
    "passPercent": 100,
    "pendingPercent": 0,
    "other": 0,
    "hasOther": false,
    "skipped": 0,
    "hasSkipped": false
  },
  "results": [
    {
      "uuid": "a682b14a-d172-44d1-b25c-fff91fd832ae",
      "title": "",
      "fullFile": "",
      "file": "",
      "beforeHooks": [],
      "afterHooks": [],
      "tests": [],
      "suites": [
        {
          "uuid": "71b5e48c-8df3-4843-9836-42f2d2c56fa8",
          "title": "Prueba de selenium",
          "fullFile": "D:\\Trabajo\\Proyectos\\Entradas\\destinationrepo4\\soloselenium\\test\\selenium.test.js",
          "file": "\\test\\selenium.test.js",
          "beforeHooks": [],
          "afterHooks": [],
          "tests": [
            {
              "title": "Formulario de login",
              "fullTitle": "Prueba de selenium Formulario de login",
              "timedOut": false,
              "duration": 22410,
              "state": "passed",
              "speed": "slow",
              "pass": true,
              "fail": false,
              "pending": false,
              "context": null,
              "code": "try {\n    selenium.llenar_formulario(done);\n} catch (err) {\n    throw err;\n}",
              "err": {},
              "uuid": "0bba3deb-4796-47b3-aabf-3dd5aecf9896",
              "parentUUID": "71b5e48c-8df3-4843-9836-42f2d2c56fa8",
              "isHook": false,
              "skipped": false
            }
          ],
          "suites": [],
          "passes": [
            "0bba3deb-4796-47b3-aabf-3dd5aecf9896"
          ],
          "failures": [],
          "pending": [],
          "skipped": [],
          "duration": 22410,
          "root": false,
          "rootEmpty": false,
          "_timeout": 200000
        },
        {
          "uuid": "4929ddb7-3d3a-445b-b807-c0ad197d56e2",
          "title": "Prueba 1",
          "fullFile": "D:\\Trabajo\\Proyectos\\Entradas\\destinationrepo4\\soloselenium\\test\\test.test.js",
          "file": "\\test\\test.test.js",
          "beforeHooks": [],
          "afterHooks": [],
          "tests": [],
          "suites": [
            {
              "uuid": "e8292b7a-6ea4-487c-af5e-65f40bca906a",
              "title": "Suma",
              "fullFile": "D:\\Trabajo\\Proyectos\\Entradas\\destinationrepo4\\soloselenium\\test\\test.test.js",
              "file": "\\test\\test.test.js",
              "beforeHooks": [],
              "afterHooks": [],
              "tests": [
                {
                  "title": "Deberia de retornar  1+1",
                  "fullTitle": "Prueba 1 Suma Deberia de retornar  1+1",
                  "timedOut": false,
                  "duration": 0,
                  "state": "passed",
                  "speed": "fast",
                  "pass": true,
                  "fail": false,
                  "pending": false,
                  "context": null,
                  "code": "assert.equal(1 + 1, 2);",
                  "err": {},
                  "uuid": "91264155-27ba-4d81-884f-3eed28fe190a",
                  "parentUUID": "e8292b7a-6ea4-487c-af5e-65f40bca906a",
                  "isHook": false,
                  "skipped": false
                }
              ],
              "suites": [],
              "passes": [
                "91264155-27ba-4d81-884f-3eed28fe190a"
              ],
              "failures": [],
              "pending": [],
              "skipped": [],
              "duration": 0,
              "root": false,
              "rootEmpty": false,
              "_timeout": 200000
            }
          ],
          "passes": [],
          "failures": [],
          "pending": [],
          "skipped": [],
          "duration": 0,
          "root": false,
          "rootEmpty": false,
          "_timeout": 200000
        },
        {
          "uuid": "87163dda-e3e2-431e-98c0-15f99280774b",
          "title": "Prueba con chai",
          "fullFile": "D:\\Trabajo\\Proyectos\\Entradas\\destinationrepo4\\soloselenium\\test\\test2.test.js",
          "file": "\\test\\test2.test.js",
          "beforeHooks": [],
          "afterHooks": [],
          "tests": [],
          "suites": [
            {
              "uuid": "854d9868-380a-4ce2-a432-6d1c9539f2a7",
              "title": "Prueba con expect",
              "fullFile": "D:\\Trabajo\\Proyectos\\Entradas\\destinationrepo4\\soloselenium\\test\\test2.test.js",
              "file": "\\test\\test2.test.js",
              "beforeHooks": [],
              "afterHooks": [],
              "tests": [
                {
                  "title": "Deberia de retornar 4",
                  "fullTitle": "Prueba con chai Prueba con expect Deberia de retornar 4",
                  "timedOut": false,
                  "duration": 0,
                  "state": "passed",
                  "speed": "fast",
                  "pass": true,
                  "fail": false,
                  "pending": false,
                  "context": null,
                  "code": "expect(1 + 3).to.equal(4)",
                  "err": {},
                  "uuid": "f4512c08-e1ec-479e-b323-e2043e3ad443",
                  "parentUUID": "854d9868-380a-4ce2-a432-6d1c9539f2a7",
                  "isHook": false,
                  "skipped": false
                },
                {
                  "title": "Prueba con should",
                  "fullTitle": "Prueba con chai Prueba con expect Prueba con should",
                  "timedOut": false,
                  "duration": 1,
                  "state": "passed",
                  "speed": "fast",
                  "pass": true,
                  "fail": false,
                  "pending": false,
                  "context": null,
                  "code": "const suma = 1 + 3;\nsuma.should.be.a('number')",
                  "err": {},
                  "uuid": "f91657c6-5b70-4e18-aa3a-93a58aedd941",
                  "parentUUID": "854d9868-380a-4ce2-a432-6d1c9539f2a7",
                  "isHook": false,
                  "skipped": false
                },
                {
                  "title": "Prueba con assert",
                  "fullTitle": "Prueba con chai Prueba con expect Prueba con assert",
                  "timedOut": false,
                  "duration": 0,
                  "state": "passed",
                  "speed": "fast",
                  "pass": true,
                  "fail": false,
                  "pending": false,
                  "context": null,
                  "code": "assert.equal(1 + 3, 4)",
                  "err": {},
                  "uuid": "bad30a27-bf29-4646-b706-eb4cb4b95cd7",
                  "parentUUID": "854d9868-380a-4ce2-a432-6d1c9539f2a7",
                  "isHook": false,
                  "skipped": false
                }
              ],
              "suites": [],
              "passes": [
                "f4512c08-e1ec-479e-b323-e2043e3ad443",
                "f91657c6-5b70-4e18-aa3a-93a58aedd941",
                "bad30a27-bf29-4646-b706-eb4cb4b95cd7"
              ],
              "failures": [],
              "pending": [],
              "skipped": [],
              "duration": 1,
              "root": false,
              "rootEmpty": false,
              "_timeout": 200000
            },
            {
              "uuid": "921f50da-bfbf-4f23-9ff2-e4d4d9a63b41",
              "title": "Prueba de metodos de operaciones",
              "fullFile": "D:\\Trabajo\\Proyectos\\Entradas\\destinationrepo4\\soloselenium\\test\\test2.test.js",
              "file": "\\test\\test2.test.js",
              "beforeHooks": [],
              "afterHooks": [],
              "tests": [
                {
                  "title": "Prueba de suma",
                  "fullTitle": "Prueba con chai Prueba de metodos de operaciones Prueba de suma",
                  "timedOut": false,
                  "duration": 1,
                  "state": "passed",
                  "speed": "fast",
                  "pass": true,
                  "fail": false,
                  "pending": false,
                  "context": null,
                  "code": "assert.equal(operaciones.suma(1, 3), 4);",
                  "err": {},
                  "uuid": "6041c20f-1093-4fff-ad8f-a6213dffaf56",
                  "parentUUID": "921f50da-bfbf-4f23-9ff2-e4d4d9a63b41",
                  "isHook": false,
                  "skipped": false
                },
                {
                  "title": "Prueba de resta",
                  "fullTitle": "Prueba con chai Prueba de metodos de operaciones Prueba de resta",
                  "timedOut": false,
                  "duration": 0,
                  "state": "passed",
                  "speed": "fast",
                  "pass": true,
                  "fail": false,
                  "pending": false,
                  "context": null,
                  "code": "assert.equal(operaciones.resta(1, 3), -2);",
                  "err": {},
                  "uuid": "65118f21-2adb-4e0c-82ce-f6f5903157f8",
                  "parentUUID": "921f50da-bfbf-4f23-9ff2-e4d4d9a63b41",
                  "isHook": false,
                  "skipped": false
                },
                {
                  "title": "Prueba de multiplicacion",
                  "fullTitle": "Prueba con chai Prueba de metodos de operaciones Prueba de multiplicacion",
                  "timedOut": false,
                  "duration": 0,
                  "state": "passed",
                  "speed": "fast",
                  "pass": true,
                  "fail": false,
                  "pending": false,
                  "context": null,
                  "code": "assert.equal(operaciones.multiplicacion(1, 3), 3);",
                  "err": {},
                  "uuid": "21abc634-0388-4359-983f-f1c23c1c70be",
                  "parentUUID": "921f50da-bfbf-4f23-9ff2-e4d4d9a63b41",
                  "isHook": false,
                  "skipped": false
                },
                {
                  "title": "Prueba de division",
                  "fullTitle": "Prueba con chai Prueba de metodos de operaciones Prueba de division",
                  "timedOut": false,
                  "duration": 0,
                  "state": "passed",
                  "speed": "fast",
                  "pass": true,
                  "fail": false,
                  "pending": false,
                  "context": null,
                  "code": "assert.equal(operaciones.division(9, 3), 3);",
                  "err": {},
                  "uuid": "2906b0fb-b9d0-4e92-9fa7-b378bc2b422f",
                  "parentUUID": "921f50da-bfbf-4f23-9ff2-e4d4d9a63b41",
                  "isHook": false,
                  "skipped": false
                },
                {
                  "title": "Prueba de modulo",
                  "fullTitle": "Prueba con chai Prueba de metodos de operaciones Prueba de modulo",
                  "timedOut": false,
                  "duration": 0,
                  "state": "passed",
                  "speed": "fast",
                  "pass": true,
                  "fail": false,
                  "pending": false,
                  "context": null,
                  "code": "assert.equal(operaciones.modulo(1, 3), 1);",
                  "err": {},
                  "uuid": "fd44e391-34ba-4077-bc84-01afc4b0640b",
                  "parentUUID": "921f50da-bfbf-4f23-9ff2-e4d4d9a63b41",
                  "isHook": false,
                  "skipped": false
                }
              ],
              "suites": [],
              "passes": [
                "6041c20f-1093-4fff-ad8f-a6213dffaf56",
                "65118f21-2adb-4e0c-82ce-f6f5903157f8",
                "21abc634-0388-4359-983f-f1c23c1c70be",
                "2906b0fb-b9d0-4e92-9fa7-b378bc2b422f",
                "fd44e391-34ba-4077-bc84-01afc4b0640b"
              ],
              "failures": [],
              "pending": [],
              "skipped": [],
              "duration": 1,
              "root": false,
              "rootEmpty": false,
              "_timeout": 200000
            }
          ],
          "passes": [],
          "failures": [],
          "pending": [],
          "skipped": [],
          "duration": 0,
          "root": false,
          "rootEmpty": false,
          "_timeout": 200000
        }
      ],
      "passes": [],
      "failures": [],
      "pending": [],
      "skipped": [],
      "duration": 0,
      "root": true,
      "rootEmpty": true,
      "_timeout": 200000
    }
  ],
  "meta": {
    "mocha": {
      "version": "10.1.0"
    },
    "mochawesome": {
      "options": {
        "quiet": false,
        "reportFilename": "Test_Report",
        "saveHtml": true,
        "saveJson": true,
        "consoleReporter": "spec",
        "useInlineDiffs": false,
        "code": true
      },
      "version": "7.1.3"
    },
    "marge": {
      "options": {
        "reportDir": "report",
        "reportFilename": "Test_Report"
      },
      "version": "6.2.0"
    }
  }
}