{
  "stats": {
    "suites": 6,
    "tests": 10,
    "passes": 10,
    "pending": 0,
    "failures": 0,
    "start": "2022-12-13T16:18:51.721Z",
    "end": "2022-12-13T16:19:05.275Z",
    "duration": 13554,
    "testsRegistered": 10,
    "passPercent": 100,
    "pendingPercent": 0,
    "other": 0,
    "hasOther": false,
    "skipped": 0,
    "hasSkipped": false
  },
  "results": [
    {
      "uuid": "0b00a117-a807-48fd-8614-f728ab49d382",
      "title": "",
      "fullFile": "",
      "file": "",
      "beforeHooks": [],
      "afterHooks": [],
      "tests": [],
      "suites": [
        {
          "uuid": "0d3d9660-928b-4c92-ad4e-773ac36277f9",
          "title": "Prueba de selenium",
          "fullFile": "D:\\Trabajo\\Proyectos\\Entradas\\destinationrepo4\\soloselenium\\test\\selenium.test.js",
          "file": "\\test\\selenium.test.js",
          "beforeHooks": [],
          "afterHooks": [],
          "tests": [
            {
              "title": "Formulario de login",
              "fullTitle": "Prueba de selenium Formulario de login",
              "timedOut": false,
              "duration": 13545,
              "state": "passed",
              "speed": "slow",
              "pass": true,
              "fail": false,
              "pending": false,
              "context": null,
              "code": "try {\n    selenium.llenar_formulario(done);\n} catch (err) {\n    throw err;\n}",
              "err": {},
              "uuid": "9885d621-c48d-4a96-b79e-d5ee26227629",
              "parentUUID": "0d3d9660-928b-4c92-ad4e-773ac36277f9",
              "isHook": false,
              "skipped": false
            }
          ],
          "suites": [],
          "passes": [
            "9885d621-c48d-4a96-b79e-d5ee26227629"
          ],
          "failures": [],
          "pending": [],
          "skipped": [],
          "duration": 13545,
          "root": false,
          "rootEmpty": false,
          "_timeout": 20000
        },
        {
          "uuid": "ac0a47d4-e7c6-49be-a989-8b6d812e3db9",
          "title": "Prueba 1",
          "fullFile": "D:\\Trabajo\\Proyectos\\Entradas\\destinationrepo4\\soloselenium\\test\\test.test.js",
          "file": "\\test\\test.test.js",
          "beforeHooks": [],
          "afterHooks": [],
          "tests": [],
          "suites": [
            {
              "uuid": "32e9880e-a2b6-4f23-abce-3363ca2ed0db",
              "title": "Suma",
              "fullFile": "D:\\Trabajo\\Proyectos\\Entradas\\destinationrepo4\\soloselenium\\test\\test.test.js",
              "file": "\\test\\test.test.js",
              "beforeHooks": [],
              "afterHooks": [],
              "tests": [
                {
                  "title": "Deberia de retornar  1+1",
                  "fullTitle": "Prueba 1 Suma Deberia de retornar  1+1",
                  "timedOut": false,
                  "duration": 0,
                  "state": "passed",
                  "speed": "fast",
                  "pass": true,
                  "fail": false,
                  "pending": false,
                  "context": null,
                  "code": "assert.equal(1 + 1, 2);",
                  "err": {},
                  "uuid": "27265ff5-b1af-4ea4-a90a-5f2d970cba16",
                  "parentUUID": "32e9880e-a2b6-4f23-abce-3363ca2ed0db",
                  "isHook": false,
                  "skipped": false
                }
              ],
              "suites": [],
              "passes": [
                "27265ff5-b1af-4ea4-a90a-5f2d970cba16"
              ],
              "failures": [],
              "pending": [],
              "skipped": [],
              "duration": 0,
              "root": false,
              "rootEmpty": false,
              "_timeout": 20000
            }
          ],
          "passes": [],
          "failures": [],
          "pending": [],
          "skipped": [],
          "duration": 0,
          "root": false,
          "rootEmpty": false,
          "_timeout": 20000
        },
        {
          "uuid": "09aa4610-3d53-4b62-8b8c-655b3ecb871d",
          "title": "Prueba con chai",
          "fullFile": "D:\\Trabajo\\Proyectos\\Entradas\\destinationrepo4\\soloselenium\\test\\test2.test.js",
          "file": "\\test\\test2.test.js",
          "beforeHooks": [],
          "afterHooks": [],
          "tests": [],
          "suites": [
            {
              "uuid": "6a6e4a3e-91f0-4ba4-9b6d-27490ad1afd9",
              "title": "Prueba con expect",
              "fullFile": "D:\\Trabajo\\Proyectos\\Entradas\\destinationrepo4\\soloselenium\\test\\test2.test.js",
              "file": "\\test\\test2.test.js",
              "beforeHooks": [],
              "afterHooks": [],
              "tests": [
                {
                  "title": "Deberia de retornar 4",
                  "fullTitle": "Prueba con chai Prueba con expect Deberia de retornar 4",
                  "timedOut": false,
                  "duration": 1,
                  "state": "passed",
                  "speed": "fast",
                  "pass": true,
                  "fail": false,
                  "pending": false,
                  "context": null,
                  "code": "expect(1 + 3).to.equal(4)",
                  "err": {},
                  "uuid": "977bbd1b-3f76-4510-9b7e-344f98e5071a",
                  "parentUUID": "6a6e4a3e-91f0-4ba4-9b6d-27490ad1afd9",
                  "isHook": false,
                  "skipped": false
                },
                {
                  "title": "Prueba con should",
                  "fullTitle": "Prueba con chai Prueba con expect Prueba con should",
                  "timedOut": false,
                  "duration": 1,
                  "state": "passed",
                  "speed": "fast",
                  "pass": true,
                  "fail": false,
                  "pending": false,
                  "context": null,
                  "code": "const suma = 1 + 3;\nsuma.should.be.a('number')",
                  "err": {},
                  "uuid": "3b887bda-7439-40c5-b7fb-041118945b94",
                  "parentUUID": "6a6e4a3e-91f0-4ba4-9b6d-27490ad1afd9",
                  "isHook": false,
                  "skipped": false
                },
                {
                  "title": "Prueba con assert",
                  "fullTitle": "Prueba con chai Prueba con expect Prueba con assert",
                  "timedOut": false,
                  "duration": 0,
                  "state": "passed",
                  "speed": "fast",
                  "pass": true,
                  "fail": false,
                  "pending": false,
                  "context": null,
                  "code": "assert.equal(1 + 3, 4)",
                  "err": {},
                  "uuid": "2e2126cf-ce60-4f12-ad1f-0a13bd02c814",
                  "parentUUID": "6a6e4a3e-91f0-4ba4-9b6d-27490ad1afd9",
                  "isHook": false,
                  "skipped": false
                }
              ],
              "suites": [],
              "passes": [
                "977bbd1b-3f76-4510-9b7e-344f98e5071a",
                "3b887bda-7439-40c5-b7fb-041118945b94",
                "2e2126cf-ce60-4f12-ad1f-0a13bd02c814"
              ],
              "failures": [],
              "pending": [],
              "skipped": [],
              "duration": 2,
              "root": false,
              "rootEmpty": false,
              "_timeout": 20000
            },
            {
              "uuid": "6338f426-812d-4486-b600-effc3688c467",
              "title": "Prueba de metodos de operaciones",
              "fullFile": "D:\\Trabajo\\Proyectos\\Entradas\\destinationrepo4\\soloselenium\\test\\test2.test.js",
              "file": "\\test\\test2.test.js",
              "beforeHooks": [],
              "afterHooks": [],
              "tests": [
                {
                  "title": "Prueba de suma",
                  "fullTitle": "Prueba con chai Prueba de metodos de operaciones Prueba de suma",
                  "timedOut": false,
                  "duration": 0,
                  "state": "passed",
                  "speed": "fast",
                  "pass": true,
                  "fail": false,
                  "pending": false,
                  "context": null,
                  "code": "assert.equal(operaciones.suma(1, 3), 4);",
                  "err": {},
                  "uuid": "b3f4e443-3f19-47aa-ae8f-296a314b2f82",
                  "parentUUID": "6338f426-812d-4486-b600-effc3688c467",
                  "isHook": false,
                  "skipped": false
                },
                {
                  "title": "Prueba de resta",
                  "fullTitle": "Prueba con chai Prueba de metodos de operaciones Prueba de resta",
                  "timedOut": false,
                  "duration": 0,
                  "state": "passed",
                  "speed": "fast",
                  "pass": true,
                  "fail": false,
                  "pending": false,
                  "context": null,
                  "code": "assert.equal(operaciones.resta(1, 3), -2);",
                  "err": {},
                  "uuid": "a74f546d-c30b-4e7d-850e-1ea3dba06839",
                  "parentUUID": "6338f426-812d-4486-b600-effc3688c467",
                  "isHook": false,
                  "skipped": false
                },
                {
                  "title": "Prueba de multiplicacion",
                  "fullTitle": "Prueba con chai Prueba de metodos de operaciones Prueba de multiplicacion",
                  "timedOut": false,
                  "duration": 0,
                  "state": "passed",
                  "speed": "fast",
                  "pass": true,
                  "fail": false,
                  "pending": false,
                  "context": null,
                  "code": "assert.equal(operaciones.multiplicacion(1, 3), 3);",
                  "err": {},
                  "uuid": "1a35bc48-ce10-44e4-afe0-1067451ddb8c",
                  "parentUUID": "6338f426-812d-4486-b600-effc3688c467",
                  "isHook": false,
                  "skipped": false
                },
                {
                  "title": "Prueba de division",
                  "fullTitle": "Prueba con chai Prueba de metodos de operaciones Prueba de division",
                  "timedOut": false,
                  "duration": 0,
                  "state": "passed",
                  "speed": "fast",
                  "pass": true,
                  "fail": false,
                  "pending": false,
                  "context": null,
                  "code": "assert.equal(operaciones.division(9, 3), 3);",
                  "err": {},
                  "uuid": "06a8ee27-02e4-4b50-8bca-4489c8fdae7a",
                  "parentUUID": "6338f426-812d-4486-b600-effc3688c467",
                  "isHook": false,
                  "skipped": false
                },
                {
                  "title": "Prueba de modulo",
                  "fullTitle": "Prueba con chai Prueba de metodos de operaciones Prueba de modulo",
                  "timedOut": false,
                  "duration": 0,
                  "state": "passed",
                  "speed": "fast",
                  "pass": true,
                  "fail": false,
                  "pending": false,
                  "context": null,
                  "code": "assert.equal(operaciones.modulo(1, 3), 1);",
                  "err": {},
                  "uuid": "4dc41037-900f-4168-9d1c-346c4e34770c",
                  "parentUUID": "6338f426-812d-4486-b600-effc3688c467",
                  "isHook": false,
                  "skipped": false
                }
              ],
              "suites": [],
              "passes": [
                "b3f4e443-3f19-47aa-ae8f-296a314b2f82",
                "a74f546d-c30b-4e7d-850e-1ea3dba06839",
                "1a35bc48-ce10-44e4-afe0-1067451ddb8c",
                "06a8ee27-02e4-4b50-8bca-4489c8fdae7a",
                "4dc41037-900f-4168-9d1c-346c4e34770c"
              ],
              "failures": [],
              "pending": [],
              "skipped": [],
              "duration": 0,
              "root": false,
              "rootEmpty": false,
              "_timeout": 20000
            }
          ],
          "passes": [],
          "failures": [],
          "pending": [],
          "skipped": [],
          "duration": 0,
          "root": false,
          "rootEmpty": false,
          "_timeout": 20000
        }
      ],
      "passes": [],
      "failures": [],
      "pending": [],
      "skipped": [],
      "duration": 0,
      "root": true,
      "rootEmpty": true,
      "_timeout": 20000
    }
  ],
  "meta": {
    "mocha": {
      "version": "10.1.0"
    },
    "mochawesome": {
      "options": {
        "quiet": false,
        "reportFilename": "Test_Report",
        "saveHtml": true,
        "saveJson": true,
        "consoleReporter": "spec",
        "useInlineDiffs": false,
        "code": true
      },
      "version": "7.1.3"
    },
    "marge": {
      "options": {
        "reportDir": "report",
        "reportFilename": "Test_Report"
      },
      "version": "6.2.0"
    }
  }
}